[DEBUG] 2023-05-26 11:11:27.156 InternalLoggerFactory - Using Log4J2 as the default logging framework
[DEBUG] 2023-05-26 11:11:27.174 ResourceLeakDetector - -Dio.netty.leakDetection.level: simple
[DEBUG] 2023-05-26 11:11:27.175 ResourceLeakDetector - -Dio.netty.leakDetection.targetRecords: 4
[DEBUG] 2023-05-26 11:11:27.186 ResourceLeakDetectorFactory - Loaded default ResourceLeakDetector: io.netty.util.ResourceLeakDetector@9ec531
[DEBUG] 2023-05-26 11:11:27.235 PlatformDependent0 - -Dio.netty.noUnsafe: false
[DEBUG] 2023-05-26 11:11:27.235 PlatformDependent0 - Java version: 19
[DEBUG] 2023-05-26 11:11:27.238 PlatformDependent0 - sun.misc.Unsafe.theUnsafe: available
[DEBUG] 2023-05-26 11:11:27.240 PlatformDependent0 - sun.misc.Unsafe.copyMemory: available
[DEBUG] 2023-05-26 11:11:27.242 PlatformDependent0 - sun.misc.Unsafe.storeFence: available
[DEBUG] 2023-05-26 11:11:27.244 PlatformDependent0 - java.nio.Buffer.address: available
[DEBUG] 2023-05-26 11:11:27.245 PlatformDependent0 - direct buffer constructor: unavailable: Reflective setAccessible(true) disabled
[DEBUG] 2023-05-26 11:11:27.247 PlatformDependent0 - java.nio.Bits.unaligned: available, true
[DEBUG] 2023-05-26 11:11:27.250 PlatformDependent0 - jdk.internal.misc.Unsafe.allocateUninitializedArray(int): unavailable: class io.netty.util.internal.PlatformDependent0$7 cannot access class jdk.internal.misc.Unsafe (in module java.base) because module java.base does not export jdk.internal.misc to unnamed module @28f3b248
[DEBUG] 2023-05-26 11:11:27.254 PlatformDependent0 - java.nio.DirectByteBuffer.<init>(long, int): unavailable
[DEBUG] 2023-05-26 11:11:27.255 PlatformDependent - sun.misc.Unsafe: available
[DEBUG] 2023-05-26 11:11:27.257 PlatformDependent - maxDirectMemory: 2124414976 bytes (maybe)
[DEBUG] 2023-05-26 11:11:27.258 PlatformDependent - -Dio.netty.tmpdir: C:\Users\shiva\AppData\Local\Temp (java.io.tmpdir)
[DEBUG] 2023-05-26 11:11:27.258 PlatformDependent - -Dio.netty.bitMode: 64 (sun.arch.data.model)
[DEBUG] 2023-05-26 11:11:27.259 PlatformDependent - Platform: Windows
[DEBUG] 2023-05-26 11:11:27.261 PlatformDependent - -Dio.netty.maxDirectMemory: -1 bytes
[DEBUG] 2023-05-26 11:11:27.261 PlatformDependent - -Dio.netty.uninitializedArrayAllocationThreshold: -1
[DEBUG] 2023-05-26 11:11:27.264 CleanerJava9 - java.nio.ByteBuffer.cleaner(): available
[DEBUG] 2023-05-26 11:11:27.264 PlatformDependent - -Dio.netty.noPreferDirect: false
[DEBUG] 2023-05-26 11:11:27.291 PlatformDependent - org.jctools-core.MpscChunkedArrayQueue: available
[DEBUG] 2023-05-26 11:11:27.343 InternalThreadLocalMap - -Dio.netty.threadLocalMap.stringBuilder.initialSize: 1024
[DEBUG] 2023-05-26 11:11:27.344 InternalThreadLocalMap - -Dio.netty.threadLocalMap.stringBuilder.maxSize: 4096
[DEBUG] 2023-05-26 11:11:27.646 JdkSslContext - Default protocols (JDK): [TLSv1.3, TLSv1.2] 
[DEBUG] 2023-05-26 11:11:27.646 JdkSslContext - Default cipher suites (JDK): [TLS_ECDHE_ECDSA_WITH_AES_256_GCM_SHA384, TLS_ECDHE_ECDSA_WITH_AES_128_GCM_SHA256, TLS_ECDHE_RSA_WITH_AES_128_GCM_SHA256, TLS_ECDHE_RSA_WITH_AES_256_GCM_SHA384, TLS_ECDHE_RSA_WITH_AES_128_CBC_SHA, TLS_ECDHE_RSA_WITH_AES_256_CBC_SHA, TLS_RSA_WITH_AES_128_GCM_SHA256, TLS_RSA_WITH_AES_128_CBC_SHA, TLS_RSA_WITH_AES_256_CBC_SHA, TLS_AES_128_GCM_SHA256, TLS_AES_256_GCM_SHA384]
[DEBUG] 2023-05-26 11:11:27.671 GlobalEventExecutor - -Dio.netty.globalEventExecutor.quietPeriodSeconds: 1
[DEBUG] 2023-05-26 11:11:27.696 MultithreadEventLoopGroup - -Dio.netty.eventLoopThreads: 8
[DEBUG] 2023-05-26 11:11:27.712 NioEventLoop - -Dio.netty.noKeySetOptimization: false
[DEBUG] 2023-05-26 11:11:27.712 NioEventLoop - -Dio.netty.selectorAutoRebuildThreshold: 512
[DEBUG] 2023-05-26 11:11:27.788 PooledByteBufAllocator - -Dio.netty.allocator.numHeapArenas: 8
[DEBUG] 2023-05-26 11:11:27.789 PooledByteBufAllocator - -Dio.netty.allocator.numDirectArenas: 8
[DEBUG] 2023-05-26 11:11:27.789 PooledByteBufAllocator - -Dio.netty.allocator.pageSize: 8192
[DEBUG] 2023-05-26 11:11:27.789 PooledByteBufAllocator - -Dio.netty.allocator.maxOrder: 9
[DEBUG] 2023-05-26 11:11:27.790 PooledByteBufAllocator - -Dio.netty.allocator.chunkSize: 4194304
[DEBUG] 2023-05-26 11:11:27.790 PooledByteBufAllocator - -Dio.netty.allocator.smallCacheSize: 256
[DEBUG] 2023-05-26 11:11:27.791 PooledByteBufAllocator - -Dio.netty.allocator.normalCacheSize: 64
[DEBUG] 2023-05-26 11:11:27.791 PooledByteBufAllocator - -Dio.netty.allocator.maxCachedBufferCapacity: 32768
[DEBUG] 2023-05-26 11:11:27.791 PooledByteBufAllocator - -Dio.netty.allocator.cacheTrimInterval: 8192
[DEBUG] 2023-05-26 11:11:27.791 PooledByteBufAllocator - -Dio.netty.allocator.cacheTrimIntervalMillis: 0
[DEBUG] 2023-05-26 11:11:27.792 PooledByteBufAllocator - -Dio.netty.allocator.useCacheForAllThreads: false
[DEBUG] 2023-05-26 11:11:27.792 PooledByteBufAllocator - -Dio.netty.allocator.maxCachedByteBuffersPerChunk: 1023
[DEBUG] 2023-05-26 11:11:27.816 ByteBufUtil - -Dio.netty.allocator.type: pooled
[DEBUG] 2023-05-26 11:11:27.816 ByteBufUtil - -Dio.netty.threadLocalDirectBufferSize: 0
[DEBUG] 2023-05-26 11:11:27.817 ByteBufUtil - -Dio.netty.maxThreadLocalCharBufferSize: 16384
[DEBUG] 2023-05-26 11:11:28.503 DefaultChannelId - -Dio.netty.processId: 29052 (auto-detected)
[DEBUG] 2023-05-26 11:11:28.506 NetUtil - -Djava.net.preferIPv4Stack: false
[DEBUG] 2023-05-26 11:11:28.506 NetUtil - -Djava.net.preferIPv6Addresses: false
[DEBUG] 2023-05-26 11:11:28.525 NetUtilInitializations - Loopback interface: lo (Software Loopback Interface 1, 127.0.0.1)
[DEBUG] 2023-05-26 11:11:28.526 NetUtil - Failed to get SOMAXCONN from sysctl and file \proc\sys\net\core\somaxconn. Default: 200
[DEBUG] 2023-05-26 11:11:28.559 DefaultChannelId - -Dio.netty.machineId: 80:91:33:ff:fe:d6:4e:cd (auto-detected)
[DEBUG] 2023-05-26 11:11:28.638 AbstractByteBuf - -Dio.netty.buffer.checkAccessible: true
[DEBUG] 2023-05-26 11:11:28.639 AbstractByteBuf - -Dio.netty.buffer.checkBounds: true
[DEBUG] 2023-05-26 11:11:28.639 ResourceLeakDetectorFactory - Loaded default ResourceLeakDetector: io.netty.util.ResourceLeakDetector@6bf8a7ac
[DEBUG] 2023-05-26 11:11:28.694 Recycler - -Dio.netty.recycler.maxCapacityPerThread: 4096
[DEBUG] 2023-05-26 11:11:28.695 Recycler - -Dio.netty.recycler.ratio: 8
[DEBUG] 2023-05-26 11:11:28.695 Recycler - -Dio.netty.recycler.chunkSize: 32
[DEBUG] 2023-05-26 11:11:28.695 Recycler - -Dio.netty.recycler.blocking: false
[DEBUG] 2023-05-26 11:11:28.695 Recycler - -Dio.netty.recycler.batchFastThreadLocalOnly: true
[DEBUG] 2023-05-26 11:11:30.195 Brotli - brotli4j not in the classpath; Brotli support will be unavailable.
[DEBUG] 2023-05-26 11:11:30.456 ThreadLocalRandom - -Dio.netty.initialSeedUniquifier: 0xd6d9127230574dcd
[INFO ] 2023-05-26 11:11:33.535 Instagram - ***** TestCase Verify Login Page Title And Logo starts *****
[INFO ] 2023-05-26 11:11:33.579 Instagram - Title Test Pass
[INFO ] 2023-05-26 11:11:34.050 Instagram - Logo Test Pass
[INFO ] 2023-05-26 11:11:34.051 Instagram - ***** TestCase Verify Login Page Title And Logo Ends *****
[INFO ] 2023-05-26 11:11:34.078 Instagram - ***** TestCase Verify Login Page Google Play Link Starts *****
[INFO ] 2023-05-26 11:11:34.417 Instagram - Google Play Link Pass
[INFO ] 2023-05-26 11:11:34.418 Instagram - ***** TestCase Verify Verify Login Page Google Play Link Ends *****
[INFO ] 2023-05-26 11:11:34.421 Instagram - ***** TestCase Verify Login Page Google Play Link Starts *****
[INFO ] 2023-05-26 11:11:34.467 Instagram - Google Play Link Pass
[INFO ] 2023-05-26 11:11:34.467 Instagram - ***** TestCase Verify Verify Login Page Google Play Link Ends *****
[INFO ] 2023-05-26 11:11:34.471 Instagram - ***** TestCase Verify LoginApp With Valied Credentials Starts *****
[INFO ] 2023-05-26 11:11:42.963 Instagram - ***** TestCase Verify LoginApp With Valied Credentials Ends *****
